<?xml version="1.0" encoding="UTF-8"?>
<!-- Generated by org.testng.reporters.JUnitReportReporter -->
<testsuite hostname="PQA-0327LT" name="TEDHotelReservation.TestHotelOverView" tests="1" failures="0" timestamp="8 Sep 2016 16:52:19 GMT" time="19.752" errors="0">
  <testcase name="testHotelOverViewFunction" time="19.752" classname="TEDHotelReservation.TestHotelOverView"/>
</testsuite> <!-- TEDHotelReservation.TestHotelOverView -->
