<?xml version="1.0" encoding="UTF-8"?>
<!-- Generated by org.testng.reporters.JUnitReportReporter -->
<testsuite hostname="PQA-0327LT" name="TEDHotelReservation.TestSelectHotelRoom" tests="1" failures="0" timestamp="8 Sep 2016 18:35:58 GMT" time="38.456" errors="0">
  <testcase name="testHotelOverViewFunction" time="38.456" classname="TEDHotelReservation.TestSelectHotelRoom"/>
</testsuite> <!-- TEDHotelReservation.TestSelectHotelRoom -->
