<?xml version="1.0" encoding="UTF-8"?>
<!-- Generated by org.testng.reporters.JUnitReportReporter -->
<testsuite hostname="PQA-0327LT" name="TEDHotelReservation.TestHotelFilter" tests="1" failures="0" timestamp="8 Sep 2016 15:45:19 GMT" time="16.660" errors="0">
  <testcase name="testFilterByRating" time="16.660" classname="TEDHotelReservation.TestHotelFilter"/>
</testsuite> <!-- TEDHotelReservation.TestHotelFilter -->
