<?xml version="1.0" encoding="UTF-8"?>
<!-- Generated by org.testng.reporters.JUnitReportReporter -->
<testsuite hostname="PQA-0327LT" name="TEDHotelReservation.TestRoomSearch" tests="2" failures="0" timestamp="7 Sep 2016 21:14:19 GMT" time="27.107" errors="0">
  <testcase name="testSearchWhenDateFormatIsWrong" time="12.397" classname="TEDHotelReservation.TestRoomSearch"/>
  <testcase name="testSearchInRegularWay" time="14.710" classname="TEDHotelReservation.TestRoomSearch"/>
</testsuite> <!-- TEDHotelReservation.TestRoomSearch -->
