<?xml version="1.0" encoding="UTF-8"?>
<!-- Generated by org.testng.reporters.JUnitReportReporter -->
<testsuite hostname="PQA-0327LT" name="TEDHotelReservation.TestCheckoutReservation" tests="1" failures="0" timestamp="8 Sep 2016 23:28:40 GMT" time="31.875" errors="0">
  <testcase name="testHotelOverViewFunction" time="31.875" classname="TEDHotelReservation.TestCheckoutReservation"/>
</testsuite> <!-- TEDHotelReservation.TestCheckoutReservation -->
