<?xml version="1.0" encoding="UTF-8"?>
<!-- Generated by org.testng.reporters.JUnitReportReporter -->
<testsuite hostname="PQA-0327LT" name="TestSuite1.RanorexTestCase" tests="1" failures="0" timestamp="6 Sep 2016 22:57:59 GMT" time="15.417" errors="0">
  <testcase name="testRanorexTestCase" time="15.417" classname="TestSuite1.RanorexTestCase"/>
</testsuite> <!-- TestSuite1.RanorexTestCase -->
