<?xml version="1.0" encoding="UTF-8"?>
<!-- Generated by org.testng.reporters.JUnitReportReporter -->
<testsuite hostname="PQA-0327LT" name="TEDHotelReservation.TestRoomSearch" tests="1" failures="0" timestamp="7 Sep 2016 18:52:51 GMT" time="14.896" errors="0">
  <testcase name="testRanorexTestCase" time="14.896" classname="TEDHotelReservation.TestRoomSearch"/>
</testsuite> <!-- TEDHotelReservation.TestRoomSearch -->
