<?xml version="1.0" encoding="UTF-8"?>
<!-- Generated by org.testng.reporters.JUnitReportReporter -->
<testsuite hostname="PQA-0327LT" name="TEDHotelReservation.TestHotelFilter" tests="1" failures="0" timestamp="7 Sep 2016 22:36:25 GMT" time="15.363" errors="0">
  <testcase name="testFilterByRating" time="15.363" classname="TEDHotelReservation.TestHotelFilter"/>
</testsuite> <!-- TEDHotelReservation.TestHotelFilter -->
