<?xml version="1.0" encoding="UTF-8"?>
<!-- Generated by org.testng.reporters.JUnitReportReporter -->
<testsuite hostname="PQA-0327LT" name="example.TestExtjs" tests="1" failures="0" timestamp="17 Sep 2016 00:02:09 GMT" time="9.629" errors="0">
  <testcase name="testArrayGrid" time="9.629" classname="example.TestExtjs"/>
</testsuite> <!-- example.TestExtjs -->
