<?xml version="1.0" encoding="UTF-8"?>
<!-- Generated by org.testng.reporters.JUnitReportReporter -->
<testsuite hostname="PQA-0327LT" name="TEDHotelReservation.TestHotelRoomView" tests="1" failures="0" timestamp="8 Sep 2016 18:02:22 GMT" time="17.224" errors="0">
  <testcase name="testHotelOverViewFunction" time="17.224" classname="TEDHotelReservation.TestHotelRoomView"/>
</testsuite> <!-- TEDHotelReservation.TestHotelRoomView -->
