<?xml version="1.0" encoding="UTF-8"?>
<!-- Generated by org.testng.reporters.JUnitReportReporter -->
<testsuite hostname="PQA-0327LT" name="TEDHotelReservation.TestRoomSearch" tests="2" failures="0" timestamp="8 Sep 2016 15:45:19 GMT" time="29.425" errors="0">
  <testcase name="testSearchInRegularWay" time="16.341" classname="TEDHotelReservation.TestRoomSearch"/>
  <testcase name="testSearchWhenDateFormatIsWrong" time="13.084" classname="TEDHotelReservation.TestRoomSearch"/>
</testsuite> <!-- TEDHotelReservation.TestRoomSearch -->
