<?xml version="1.0" encoding="UTF-8"?>
<!-- Generated by org.testng.reporters.JUnitReportReporter -->
<testsuite hostname="PQA-0327LT" name="TEDHotelReservation.TestRoomSearch" tests="2" failures="0" timestamp="8 Sep 2016 15:49:08 GMT" time="29.430" errors="0">
  <testcase name="testSearchWhenDateFormatIsWrong" time="12.409" classname="TEDHotelReservation.TestRoomSearch"/>
  <testcase name="testSearchInRegularWay" time="17.021" classname="TEDHotelReservation.TestRoomSearch"/>
</testsuite> <!-- TEDHotelReservation.TestRoomSearch -->
